android/app/build/intermediates/manifest_merge_blame_file/debug/manifest-merger-blame-debug-report.txt
1<?xml version="1.0" encoding="utf-8"?>
2<manifest xmlns:android="http://schemas.android.com/apk/res/android"
3    package="com.enouvocafe"
4    android:versionCode="1"
5    android:versionName="1.0.0" >
6
7    <uses-sdk
8        android:minSdkVersion="19"
9        android:targetSdkVersion="28" />
10
11    <uses-permission android:name="android.permission.SYSTEM_ALERT_WINDOW" />
11-->src/debug/AndroidManifest.xml:5:5-77
11-->src/debug/AndroidManifest.xml:5:22-75
12    <uses-permission android:name="android.permission.INTERNET" />
12-->src/main/AndroidManifest.xml:4:5-67
12-->src/main/AndroidManifest.xml:4:22-64
13    <uses-permission android:name="android.permission.ACCESS_WIFI_STATE" />
13-->[com.facebook.flipper:flipper:0.33.1] AndroidManifest.xml:16:5-76
13-->[com.facebook.flipper:flipper:0.33.1] AndroidManifest.xml:16:22-73
14    <uses-permission android:name="android.permission.ACCESS_NETWORK_STATE" />
14-->[:react-native-firebase_analytics] AndroidManifest.xml:11:5-79
14-->[:react-native-firebase_analytics] AndroidManifest.xml:11:22-76
15    <uses-permission android:name="android.permission.WAKE_LOCK" />
15-->[:react-native-firebase_analytics] AndroidManifest.xml:13:5-68
15-->[:react-native-firebase_analytics] AndroidManifest.xml:13:22-65
16    <uses-permission android:name="android.permission.WRITE_EXTERNAL_STORAGE" /> <!-- Required by older versions of Google Play services to create IID tokens -->
16-->[:react-native-image-crop-picker] AndroidManifest.xml:10:5-81
16-->[:react-native-image-crop-picker] AndroidManifest.xml:10:22-78
17    <uses-permission android:name="com.google.android.c2dm.permission.RECEIVE" />
17-->[com.google.android.gms:play-services-iid:16.0.0] AndroidManifest.xml:23:5-82
17-->[com.google.android.gms:play-services-iid:16.0.0] AndroidManifest.xml:23:22-79
18    <uses-permission android:name="com.google.android.finsky.permission.BIND_GET_INSTALL_REFERRER_SERVICE" />
18-->[com.google.android.gms:play-services-measurement:17.4.1] AndroidManifest.xml:26:5-110
18-->[com.google.android.gms:play-services-measurement:17.4.1] AndroidManifest.xml:26:22-107
19
20    <application
20-->src/main/AndroidManifest.xml:6:5-25:19
21        android:name="com.enouvocafe.MainApplication"
21-->src/main/AndroidManifest.xml:7:7-38
22        android:allowBackup="false"
22-->src/main/AndroidManifest.xml:11:7-34
23        android:appComponentFactory="androidx.core.app.CoreComponentFactory"
23-->[androidx.core:core:1.1.0] AndroidManifest.xml:24:18-86
24        android:debuggable="true"
25        android:icon="@mipmap/ic_launcher"
25-->src/main/AndroidManifest.xml:9:7-41
26        android:label="@string/app_name"
26-->src/main/AndroidManifest.xml:8:7-39
27        android:roundIcon="@mipmap/ic_launcher_round"
27-->src/main/AndroidManifest.xml:10:7-52
28        android:theme="@style/AppTheme"
28-->src/main/AndroidManifest.xml:12:7-38
29        android:usesCleartextTraffic="true" >
29-->src/debug/AndroidManifest.xml:7:18-53
30        <activity
30-->src/main/AndroidManifest.xml:13:7-23:18
31            android:name="com.enouvocafe.MainActivity"
31-->src/main/AndroidManifest.xml:14:9-37
32            android:configChanges="keyboard|keyboardHidden|orientation|screenSize|uiMode"
32-->src/main/AndroidManifest.xml:16:9-86
33            android:label="@string/app_name"
33-->src/main/AndroidManifest.xml:15:9-41
34            android:launchMode="singleTask"
34-->src/main/AndroidManifest.xml:17:9-40
35            android:windowSoftInputMode="adjustResize" >
35-->src/main/AndroidManifest.xml:18:9-51
36            <intent-filter>
36-->src/main/AndroidManifest.xml:19:9-22:25
37                <action android:name="android.intent.action.MAIN" />
37-->src/main/AndroidManifest.xml:20:13-65
37-->src/main/AndroidManifest.xml:20:21-62
38
39                <category android:name="android.intent.category.LAUNCHER" />
39-->src/main/AndroidManifest.xml:21:13-73
39-->src/main/AndroidManifest.xml:21:23-70
40            </intent-filter>
41        </activity>
42        <activity
42-->src/main/AndroidManifest.xml:24:7-84
43            android:name="com.facebook.react.devsupport.DevSettingsActivity"
43-->src/main/AndroidManifest.xml:24:17-81
44            android:exported="false" /> <!-- Disable crashlytics by default so we can custom init with CrashlyticsNdk support -->
44-->[:react-native-navigation] AndroidManifest.xml:14:13-37
45        <meta-data
45-->[:react-native-firebase_crashlytics] AndroidManifest.xml:14:9-16:37
46            android:name="firebase_crashlytics_collection_enabled"
46-->[:react-native-firebase_crashlytics] AndroidManifest.xml:15:13-67
47            android:value="false" />
47-->[:react-native-firebase_crashlytics] AndroidManifest.xml:16:13-34
48
49        <provider
49-->[:react-native-firebase_crashlytics] AndroidManifest.xml:18:9-22:38
50            android:name="io.invertase.firebase.crashlytics.ReactNativeFirebaseCrashlyticsInitProvider"
50-->[:react-native-firebase_crashlytics] AndroidManifest.xml:19:13-104
51            android:authorities="com.enouvocafe.reactnativefirebasecrashlyticsinitprovider"
51-->[:react-native-firebase_crashlytics] AndroidManifest.xml:20:13-94
52            android:exported="false"
52-->[:react-native-firebase_crashlytics] AndroidManifest.xml:21:13-37
53            android:initOrder="98" />
53-->[:react-native-firebase_crashlytics] AndroidManifest.xml:22:13-35
54
55        <receiver
55-->[:react-native-device-info] AndroidManifest.xml:13:9-21:20
56            android:name="com.learnium.RNDeviceInfo.RNDeviceReceiver"
56-->[:react-native-device-info] AndroidManifest.xml:14:13-70
57            android:enabled="true"
57-->[:react-native-device-info] AndroidManifest.xml:15:13-35
58            android:exported="true" >
58-->[:react-native-device-info] AndroidManifest.xml:16:13-36
59            <intent-filter>
59-->[:react-native-device-info] AndroidManifest.xml:18:13-20:29
60                <action android:name="com.android.vending.INSTALL_REFERRER" />
60-->[:react-native-device-info] AndroidManifest.xml:19:17-79
60-->[:react-native-device-info] AndroidManifest.xml:19:25-76
61            </intent-filter>
62        </receiver>
63
64        <provider
64-->[:react-native-image-crop-picker] AndroidManifest.xml:13:9-21:20
65            android:name="androidx.core.content.FileProvider"
65-->[:react-native-image-crop-picker] AndroidManifest.xml:14:13-62
66            android:authorities="com.enouvocafe.provider"
66-->[:react-native-image-crop-picker] AndroidManifest.xml:15:13-60
67            android:exported="false"
67-->[:react-native-image-crop-picker] AndroidManifest.xml:16:13-37
68            android:grantUriPermissions="true" >
68-->[:react-native-image-crop-picker] AndroidManifest.xml:17:13-47
69            <meta-data
69-->[:react-native-image-crop-picker] AndroidManifest.xml:18:13-20:58
70                android:name="android.support.FILE_PROVIDER_PATHS"
70-->[:react-native-image-crop-picker] AndroidManifest.xml:19:17-67
71                android:resource="@xml/provider_paths" />
71-->[:react-native-image-crop-picker] AndroidManifest.xml:20:17-55
72        </provider>
73
74        <activity
74-->[:react-native-image-crop-picker] AndroidManifest.xml:23:9-25:72
75            android:name="com.yalantis.ucrop.UCropActivity"
75-->[:react-native-image-crop-picker] AndroidManifest.xml:24:13-60
76            android:theme="@style/Theme.AppCompat.Light.NoActionBar" />
76-->[:react-native-image-crop-picker] AndroidManifest.xml:25:13-69
77
78        <provider
78-->[:react-native-image-picker] AndroidManifest.xml:10:9-18:20
79            android:name="com.imagepicker.FileProvider"
79-->[:react-native-image-picker] AndroidManifest.xml:11:13-56
80            android:authorities="com.enouvocafe.provider"
80-->[:react-native-image-picker] AndroidManifest.xml:12:13-60
81            android:exported="false"
81-->[:react-native-image-picker] AndroidManifest.xml:13:13-37
82            android:grantUriPermissions="true" >
82-->[:react-native-image-picker] AndroidManifest.xml:14:13-47
83            <meta-data
83-->[:react-native-image-crop-picker] AndroidManifest.xml:18:13-20:58
84                android:name="android.support.FILE_PROVIDER_PATHS"
84-->[:react-native-image-crop-picker] AndroidManifest.xml:19:17-67
85                android:resource="@xml/provider_paths" />
85-->[:react-native-image-crop-picker] AndroidManifest.xml:20:17-55
86        </provider>
87        <provider
87-->[:react-native-webview] AndroidManifest.xml:12:9-20:20
88            android:name="com.reactnativecommunity.webview.RNCWebViewFileProvider"
88-->[:react-native-webview] AndroidManifest.xml:13:13-83
89            android:authorities="com.enouvocafe.fileprovider"
89-->[:react-native-webview] AndroidManifest.xml:14:13-64
90            android:exported="false"
90-->[:react-native-webview] AndroidManifest.xml:15:13-37
91            android:grantUriPermissions="true" >
91-->[:react-native-webview] AndroidManifest.xml:16:13-47
92            <meta-data
92-->[:react-native-image-crop-picker] AndroidManifest.xml:18:13-20:58
93                android:name="android.support.FILE_PROVIDER_PATHS"
93-->[:react-native-image-crop-picker] AndroidManifest.xml:19:17-67
94                android:resource="@xml/file_provider_paths" />
94-->[:react-native-image-crop-picker] AndroidManifest.xml:20:17-55
95        </provider>
96
97        <meta-data
97-->[com.github.bumptech.glide:okhttp3-integration:4.11.0] AndroidManifest.xml:11:9-13:43
98            android:name="com.bumptech.glide.integration.okhttp3.OkHttpGlideModule"
98-->[com.github.bumptech.glide:okhttp3-integration:4.11.0] AndroidManifest.xml:12:13-84
99            android:value="GlideModule" />
99-->[com.github.bumptech.glide:okhttp3-integration:4.11.0] AndroidManifest.xml:13:13-40
100
101        <receiver
101-->[com.google.android.gms:play-services-measurement:17.4.1] AndroidManifest.xml:29:9-33:20
102            android:name="com.google.android.gms.measurement.AppMeasurementReceiver"
102-->[com.google.android.gms:play-services-measurement:17.4.1] AndroidManifest.xml:30:13-85
103            android:enabled="true"
103-->[com.google.android.gms:play-services-measurement:17.4.1] AndroidManifest.xml:31:13-35
104            android:exported="false" >
104-->[com.google.android.gms:play-services-measurement:17.4.1] AndroidManifest.xml:32:13-37
105        </receiver>
106
107        <service
107-->[com.google.android.gms:play-services-measurement:17.4.1] AndroidManifest.xml:35:9-38:40
108            android:name="com.google.android.gms.measurement.AppMeasurementService"
108-->[com.google.android.gms:play-services-measurement:17.4.1] AndroidManifest.xml:36:13-84
109            android:enabled="true"
109-->[com.google.android.gms:play-services-measurement:17.4.1] AndroidManifest.xml:37:13-35
110            android:exported="false" />
110-->[com.google.android.gms:play-services-measurement:17.4.1] AndroidManifest.xml:38:13-37
111        <service
111-->[com.google.android.gms:play-services-measurement:17.4.1] AndroidManifest.xml:39:9-43:72
112            android:name="com.google.android.gms.measurement.AppMeasurementJobService"
112-->[com.google.android.gms:play-services-measurement:17.4.1] AndroidManifest.xml:40:13-87
113            android:enabled="true"
113-->[com.google.android.gms:play-services-measurement:17.4.1] AndroidManifest.xml:41:13-35
114            android:exported="false"
114-->[com.google.android.gms:play-services-measurement:17.4.1] AndroidManifest.xml:42:13-37
115            android:permission="android.permission.BIND_JOB_SERVICE" />
115-->[com.google.android.gms:play-services-measurement:17.4.1] AndroidManifest.xml:43:13-69
116        <service
116-->[com.google.android.gms:play-services-measurement-api:17.4.1] AndroidManifest.xml:27:9-33:19
117            android:name="com.google.firebase.components.ComponentDiscoveryService"
117-->[com.google.android.gms:play-services-measurement-api:17.4.1] AndroidManifest.xml:28:13-84
118            android:directBootAware="true"
118-->[com.google.firebase:firebase-common:19.3.0] AndroidManifest.xml:34:13-43
119            android:exported="false" >
119-->[com.google.android.gms:play-services-measurement-api:17.4.1] AndroidManifest.xml:29:13-37
120            <meta-data
120-->[com.google.android.gms:play-services-measurement-api:17.4.1] AndroidManifest.xml:30:13-32:85
121                android:name="com.google.firebase.components:com.google.firebase.analytics.connector.internal.AnalyticsConnectorRegistrar"
121-->[com.google.android.gms:play-services-measurement-api:17.4.1] AndroidManifest.xml:31:17-139
122                android:value="com.google.firebase.components.ComponentRegistrar" />
122-->[com.google.android.gms:play-services-measurement-api:17.4.1] AndroidManifest.xml:32:17-82
123            <meta-data
123-->[com.google.firebase:firebase-iid:20.1.5] AndroidManifest.xml:32:13-34:85
124                android:name="com.google.firebase.components:com.google.firebase.iid.Registrar"
124-->[com.google.firebase:firebase-iid:20.1.5] AndroidManifest.xml:33:17-96
125                android:value="com.google.firebase.components.ComponentRegistrar" />
125-->[com.google.firebase:firebase-iid:20.1.5] AndroidManifest.xml:34:17-82
126            <meta-data
126-->[com.google.firebase:firebase-installations:16.2.1] AndroidManifest.xml:17:13-19:85
127                android:name="com.google.firebase.components:com.google.firebase.installations.FirebaseInstallationsRegistrar"
127-->[com.google.firebase:firebase-installations:16.2.1] AndroidManifest.xml:18:17-127
128                android:value="com.google.firebase.components.ComponentRegistrar" />
128-->[com.google.firebase:firebase-installations:16.2.1] AndroidManifest.xml:19:17-82
129        </service>
130
131        <receiver
131-->[com.google.firebase:firebase-iid:20.1.5] AndroidManifest.xml:37:9-44:20
132            android:name="com.google.firebase.iid.FirebaseInstanceIdReceiver"
132-->[com.google.firebase:firebase-iid:20.1.5] AndroidManifest.xml:38:13-78
133            android:exported="true"
133-->[com.google.firebase:firebase-iid:20.1.5] AndroidManifest.xml:39:13-36
134            android:permission="com.google.android.c2dm.permission.SEND" >
134-->[com.google.firebase:firebase-iid:20.1.5] AndroidManifest.xml:40:13-73
135            <intent-filter>
135-->[com.google.firebase:firebase-iid:20.1.5] AndroidManifest.xml:41:13-43:29
136                <action android:name="com.google.android.c2dm.intent.RECEIVE" />
136-->[com.google.firebase:firebase-iid:20.1.5] AndroidManifest.xml:42:17-81
136-->[com.google.firebase:firebase-iid:20.1.5] AndroidManifest.xml:42:25-78
137            </intent-filter>
138        </receiver>
139
140        <provider
140-->[com.google.firebase:firebase-common:19.3.0] AndroidManifest.xml:26:9-30:39
141            android:name="com.google.firebase.provider.FirebaseInitProvider"
141-->[com.google.firebase:firebase-common:19.3.0] AndroidManifest.xml:27:13-77
142            android:authorities="com.enouvocafe.firebaseinitprovider"
142-->[com.google.firebase:firebase-common:19.3.0] AndroidManifest.xml:28:13-72
143            android:exported="false"
143-->[com.google.firebase:firebase-common:19.3.0] AndroidManifest.xml:29:13-37
144            android:initOrder="100" />
144-->[com.google.firebase:firebase-common:19.3.0] AndroidManifest.xml:30:13-36
145
146        <activity
146-->[com.google.android.gms:play-services-base:17.0.0] AndroidManifest.xml:23:9-26:75
147            android:name="com.google.android.gms.common.api.GoogleApiActivity"
147-->[com.google.android.gms:play-services-base:17.0.0] AndroidManifest.xml:24:13-79
148            android:exported="false"
148-->[com.google.android.gms:play-services-base:17.0.0] AndroidManifest.xml:25:13-37
149            android:theme="@android:style/Theme.Translucent.NoTitleBar" />
149-->[com.google.android.gms:play-services-base:17.0.0] AndroidManifest.xml:26:13-72
150
151        <meta-data
151-->[com.google.android.gms:play-services-basement:17.0.0] AndroidManifest.xml:23:9-25:69
152            android:name="com.google.android.gms.version"
152-->[com.google.android.gms:play-services-basement:17.0.0] AndroidManifest.xml:24:13-58
153            android:value="@integer/google_play_services_version" />
153-->[com.google.android.gms:play-services-basement:17.0.0] AndroidManifest.xml:25:13-66
154
155        <provider
155-->[com.crashlytics.sdk.android:crashlytics:2.10.1] AndroidManifest.xml:19:9-23:38
156            android:name="com.crashlytics.android.CrashlyticsInitProvider"
156-->[com.crashlytics.sdk.android:crashlytics:2.10.1] AndroidManifest.xml:20:13-75
157            android:authorities="com.enouvocafe.crashlyticsinitprovider"
157-->[com.crashlytics.sdk.android:crashlytics:2.10.1] AndroidManifest.xml:21:13-75
158            android:exported="false"
158-->[com.crashlytics.sdk.android:crashlytics:2.10.1] AndroidManifest.xml:22:13-37
159            android:initOrder="90" />
159-->[com.crashlytics.sdk.android:crashlytics:2.10.1] AndroidManifest.xml:23:13-35
160
161        <meta-data
161-->[com.crashlytics.sdk.android:crashlytics-ndk:2.1.1] AndroidManifest.xml:35:9-37:36
162            android:name="firebase_crashlytics_ndk_enabled"
162-->[com.crashlytics.sdk.android:crashlytics-ndk:2.1.1] AndroidManifest.xml:36:13-60
163            android:value="true" />
163-->[com.crashlytics.sdk.android:crashlytics-ndk:2.1.1] AndroidManifest.xml:37:13-33
164    </application>
165
166</manifest>